<?xml version="1.0" encoding="UTF-8"?>
<testng-results ignored="0" total="1" passed="1" failed="0" skipped="0">
  <reporter-output>
  </reporter-output>
  <suite started-at="2026-03-17T17:02:18 IST" name="Default suite" finished-at="2026-03-17T17:02:23 IST" duration-ms="4297">
    <groups>
    </groups>
    <test started-at="2026-03-17T17:02:18 IST" name="Default test" finished-at="2026-03-17T17:02:23 IST" duration-ms="4297">
      <class name="requestAndResponseSpecBuilders.SpecBuilderTest">
        <test-method signature="test()[pri:0, instance:requestAndResponseSpecBuilders.SpecBuilderTest@44ebcd03]" started-at="2026-03-17T17:02:18 IST" name="test" finished-at="2026-03-17T17:02:23 IST" duration-ms="4219" status="PASS">
          <reporter-output>
          </reporter-output>
        </test-method> <!-- test -->
      </class> <!-- requestAndResponseSpecBuilders.SpecBuilderTest -->
    </test> <!-- Default test -->
  </suite> <!-- Default suite -->
</testng-results>
