<?xml version="1.0" encoding="UTF-8"?>
<!-- Generated by org.testng.reporters.JUnitReportReporter -->
<testsuite hostname="Lenovo-Ideapad-510-15IKB" failures="0" tests="3" name="DynamicPayload" time="5.835" errors="0" timestamp="2026-03-15T13:46:26 IST" skipped="0">
  <testcase classname="DynamicPayload" name="addBook" time="0.288"/>
  <testcase classname="DynamicPayload" name="addBook" time="5.271"/>
  <testcase classname="DynamicPayload" name="addBook" time="0.276"/>
</testsuite> <!-- DynamicPayload -->
